Vivado Simulator v2025.1.0
Copyright 1986-2022 Xilinx, Inc. All Rights Reserved.
Copyright 2022-2025 Advanced Micro Devices, Inc. All Rights Reserved.
Running: /opt/Xilinx/Vivado/2025.1/2025.1/Vivado/bin/unwrapped/lnx64.o/xelab -debug typical -snapshot cpu_sim work.cpu_tb 
Multi-threading is on. Using 6 slave threads.
WARNING: [XSIM 43-3431] One or more environment variables have been detected which affect the operation of the C compiler. These are typically not set in standard installations and are not tested by AMD, however they may be appropriate for your system, so the flow will attempt to continue.  If errors occur, try running xelab with the "-mt off -v 1" switches to see more information from the C compiler. The following environment variables have been detected:
Starting static elaboration
Pass Through NonSizing Optimizer
Completed static elaboration
Starting simulation data flow analysis
Completed simulation data flow analysis
Time Resolution for simulation is 1ps
Compiling module work.pc
Compiling module work.adder
Compiling module work.mux2
Compiling module work.instr_mem
Compiling module work.control
Compiling module work.imm_gen
Compiling module work.branch_comp
Compiling module work.alu_control
Compiling module work.alu
Compiling module work.data_mem
Compiling module work.reg_file
Compiling module work.cpu
Compiling module work.cpu_tb
Built simulation snapshot cpu_sim
