#-----------------------------------------------------------
# xsim v2025.1 (64-bit)
# SW Build 6140274 on Wed May 21 22:58:25 MDT 2025
# IP Build 6138677 on Thu May 22 03:10:11 MDT 2025
# SharedData Build 6139179 on Tue May 20 17:58:58 MDT 2025
# Start of session at: Wed Aug  6 10:06:48 2025
# Process ID         : 19245
# Current directory  : /home/hongoroo/simple_cpu/simple_cpu
# Command line       : xsim -mode tcl -source {xsim.dir/regfile_sim/xsim_script.tcl}
# Log file           : /home/hongoroo/simple_cpu/simple_cpu/xsim.log
# Journal file       : /home/hongoroo/simple_cpu/simple_cpu/xsim.jou
# Running On         : Connie-Surface
# Platform           : Ubuntu
# Operating System   : Ubuntu 24.04.2 LTS
# Processor Detail   : 11th Gen Intel(R) Core(TM) i5-1135G7 @ 2.40GHz
# CPU Frequency      : 2419.208 MHz
# CPU Physical cores : 4
# CPU Logical cores  : 8
# Host memory        : 4018 MB
# Swap memory        : 1073 MB
# Total Virtual      : 5092 MB
# Available Virtual  : 3549 MB
#-----------------------------------------------------------
source xsim.dir/regfile_sim/xsim_script.tcl
# xsim {regfile_sim} -autoloadwcfg -runall
Time resolution is 1 ps
run -all

===== Extended Register File Testbench =====

-- After reset (all regs should be 0) --
PASS : time=14000 READ1[0]=0x00000000
PASS : time=14000 READ2[1]=0x00000000
PASS : time=15000 READ1[2]=0x00000000
PASS : time=15000 READ2[3]=0x00000000
PASS : time=16000 READ1[4]=0x00000000
PASS : time=16000 READ2[5]=0x00000000
PASS : time=17000 READ1[6]=0x00000000
PASS : time=17000 READ2[7]=0x00000000
PASS : time=18000 READ1[8]=0x00000000
PASS : time=18000 READ2[9]=0x00000000
PASS : time=19000 READ1[10]=0x00000000
PASS : time=19000 READ2[11]=0x00000000
PASS : time=20000 READ1[12]=0x00000000
PASS : time=20000 READ2[13]=0x00000000
PASS : time=21000 READ1[14]=0x00000000
PASS : time=21000 READ2[15]=0x00000000
PASS : time=22000 READ1[16]=0x00000000
PASS : time=22000 READ2[17]=0x00000000
PASS : time=23000 READ1[18]=0x00000000
PASS : time=23000 READ2[19]=0x00000000
PASS : time=24000 READ1[20]=0x00000000
PASS : time=24000 READ2[21]=0x00000000
PASS : time=25000 READ1[22]=0x00000000
PASS : time=25000 READ2[23]=0x00000000
PASS : time=26000 READ1[24]=0x00000000
PASS : time=26000 READ2[25]=0x00000000
PASS : time=27000 READ1[26]=0x00000000
PASS : time=27000 READ2[27]=0x00000000
PASS : time=28000 READ1[28]=0x00000000
PASS : time=28000 READ2[29]=0x00000000
PASS : time=29000 READ1[30]=0x00000000
PASS : time=29000 READ2[31]=0x00000000

-- Attempt write to x0 (should remain 0) --
PASS : time=36000 READ1[0]=0x00000000
PASS : time=36000 READ2[1]=0x00000000

-- Write/read pattern to x1..x31 --
PASS : time=46000 READ1[1]=0x11111111
PASS : time=46000 READ2[0]=0x00000000
PASS : time=56000 READ1[2]=0x22222222
PASS : time=56000 READ2[0]=0x00000000
PASS : time=66000 READ1[3]=0x33333333
PASS : time=66000 READ2[0]=0x00000000
PASS : time=76000 READ1[4]=0x44444444
PASS : time=76000 READ2[0]=0x00000000
PASS : time=86000 READ1[5]=0x55555555
PASS : time=86000 READ2[0]=0x00000000
PASS : time=96000 READ1[6]=0x66666666
PASS : time=96000 READ2[0]=0x00000000
PASS : time=106000 READ1[7]=0x77777777
PASS : time=106000 READ2[0]=0x00000000
PASS : time=116000 READ1[8]=0x88888888
PASS : time=116000 READ2[0]=0x00000000
PASS : time=126000 READ1[9]=0x99999999
PASS : time=126000 READ2[0]=0x00000000
PASS : time=136000 READ1[10]=0xaaaaaaaa
PASS : time=136000 READ2[0]=0x00000000
PASS : time=146000 READ1[11]=0xbbbbbbbb
PASS : time=146000 READ2[0]=0x00000000
PASS : time=156000 READ1[12]=0xcccccccc
PASS : time=156000 READ2[0]=0x00000000
PASS : time=166000 READ1[13]=0xdddddddd
PASS : time=166000 READ2[0]=0x00000000
PASS : time=176000 READ1[14]=0xeeeeeeee
PASS : time=176000 READ2[0]=0x00000000
PASS : time=186000 READ1[15]=0xffffffff
PASS : time=186000 READ2[0]=0x00000000
PASS : time=196000 READ1[16]=0x11111110
PASS : time=196000 READ2[0]=0x00000000
PASS : time=206000 READ1[17]=0x22222221
PASS : time=206000 READ2[0]=0x00000000
PASS : time=216000 READ1[18]=0x33333332
PASS : time=216000 READ2[0]=0x00000000
PASS : time=226000 READ1[19]=0x44444443
PASS : time=226000 READ2[0]=0x00000000
PASS : time=236000 READ1[20]=0x55555554
PASS : time=236000 READ2[0]=0x00000000
PASS : time=246000 READ1[21]=0x66666665
PASS : time=246000 READ2[0]=0x00000000
PASS : time=256000 READ1[22]=0x77777776
PASS : time=256000 READ2[0]=0x00000000
PASS : time=266000 READ1[23]=0x88888887
PASS : time=266000 READ2[0]=0x00000000
PASS : time=276000 READ1[24]=0x99999998
PASS : time=276000 READ2[0]=0x00000000
PASS : time=286000 READ1[25]=0xaaaaaaa9
PASS : time=286000 READ2[0]=0x00000000
PASS : time=296000 READ1[26]=0xbbbbbbba
PASS : time=296000 READ2[0]=0x00000000
PASS : time=306000 READ1[27]=0xcccccccb
PASS : time=306000 READ2[0]=0x00000000
PASS : time=316000 READ1[28]=0xdddddddc
PASS : time=316000 READ2[0]=0x00000000
PASS : time=326000 READ1[29]=0xeeeeeeed
PASS : time=326000 READ2[0]=0x00000000
PASS : time=336000 READ1[30]=0xfffffffe
PASS : time=336000 READ2[0]=0x00000000
PASS : time=346000 READ1[31]=0x1111110f
PASS : time=346000 READ2[0]=0x00000000

-- Back‐to‐back writes to x5 and x10 --
PASS : time=366000 READ1[5]=0xaaaa0000
PASS : time=366000 READ2[10]=0x5555ffff

-- Randomized writes & reads --
PASS : time=376000 READ1[25]=0x1b15b299
PASS : time=376000 READ2[22]=0x77777776
PASS : time=386000 READ1[30]=0x1bead68c
PASS : time=386000 READ2[20]=0x55555554
PASS : time=396000 READ1[18]=0x6147a465
PASS : time=396000 READ2[14]=0xeeeeeeee
PASS : time=406000 READ1[8]=0x780cbc43
PASS : time=406000 READ2[26]=0xbbbbbbba
PASS : time=416000 READ1[29]=0xbf2b3ed6
PASS : time=416000 READ2[0]=0x00000000
PASS : time=426000 READ1[11]=0x4a931cfe
PASS : time=426000 READ2[3]=0x33333333
PASS : time=436000 READ1[5]=0x48feb81b
PASS : time=436000 READ2[25]=0x1b15b299
PASS : time=446000 READ1[5]=0x5583c2c6
PASS : time=446000 READ2[24]=0x99999998
PASS : time=456000 READ1[9]=0x8c0d138c
PASS : time=456000 READ2[19]=0x44444443
PASS : time=466000 READ1[2]=0x4de24ed1
PASS : time=466000 READ2[26]=0xbbbbbbba
PASS : time=476000 READ1[26]=0x131030da
PASS : time=476000 READ2[6]=0x66666666
PASS : time=486000 READ1[14]=0x9ac1f87d
PASS : time=486000 READ2[23]=0x88888887
PASS : time=496000 READ1[8]=0x2f8ac2b7
PASS : time=496000 READ2[18]=0x6147a465
PASS : time=506000 READ1[14]=0x1a6947a5
PASS : time=506000 READ2[15]=0xffffffff
PASS : time=516000 READ1[5]=0x30e14a0d
PASS : time=516000 READ2[6]=0x66666666
PASS : time=526000 READ1[23]=0x7effdd7b
PASS : time=526000 READ2[12]=0xcccccccc
PASS : time=536000 READ1[6]=0x52a750c1
PASS : time=536000 READ2[25]=0x1b15b299
PASS : time=546000 READ1[13]=0x3ee7d4b8
PASS : time=546000 READ2[21]=0x66666665
PASS : time=556000 READ1[25]=0x5e8361df
PASS : time=556000 READ2[22]=0x77777776
PASS : time=566000 READ1[18]=0x6104baec
PASS : time=566000 READ2[14]=0x1a6947a5

-- Assert reset again (all should clear) --
PASS : time=577000 READ1[0]=0x00000000
PASS : time=577000 READ2[8]=0x2f8ac2b7
PASS : time=578000 READ1[1]=0x11111111
PASS : time=578000 READ2[9]=0x8c0d138c
PASS : time=579000 READ1[2]=0x4de24ed1
PASS : time=579000 READ2[10]=0x5555ffff
PASS : time=580000 READ1[3]=0x33333333
PASS : time=580000 READ2[11]=0x4a931cfe
PASS : time=581000 READ1[4]=0x44444444
PASS : time=581000 READ2[12]=0xcccccccc
PASS : time=582000 READ1[5]=0x30e14a0d
PASS : time=582000 READ2[13]=0x3ee7d4b8
PASS : time=583000 READ1[6]=0x52a750c1
PASS : time=583000 READ2[14]=0x1a6947a5
PASS : time=584000 READ1[7]=0x77777777
PASS : time=584000 READ2[15]=0xffffffff

===== Test Complete =====

$finish called at time : 594 ns : File "/home/hongoroo/simple_cpu/simple_cpu/tb/regfile_tb.v" Line 140
exit
INFO: [Common 17-206] Exiting xsim at Wed Aug  6 10:06:54 2025...
