INFO: [VRFC 10-2263] Analyzing SystemVerilog file "/home/hongoroo/simple_cpu/simple_cpu/src/adder.v" into library work
INFO: [VRFC 10-311] analyzing module adder
INFO: [VRFC 10-2263] Analyzing SystemVerilog file "/home/hongoroo/simple_cpu/simple_cpu/src/alu_control.v" into library work
INFO: [VRFC 10-311] analyzing module alu_control
INFO: [VRFC 10-2263] Analyzing SystemVerilog file "/home/hongoroo/simple_cpu/simple_cpu/src/alu.v" into library work
INFO: [VRFC 10-311] analyzing module alu
INFO: [VRFC 10-2263] Analyzing SystemVerilog file "/home/hongoroo/simple_cpu/simple_cpu/src/branch_comp.v" into library work
INFO: [VRFC 10-311] analyzing module branch_comp
INFO: [VRFC 10-2263] Analyzing SystemVerilog file "/home/hongoroo/simple_cpu/simple_cpu/src/control.v" into library work
INFO: [VRFC 10-311] analyzing module control
INFO: [VRFC 10-2263] Analyzing SystemVerilog file "/home/hongoroo/simple_cpu/simple_cpu/src/cpu.v" into library work
INFO: [VRFC 10-311] analyzing module cpu
INFO: [VRFC 10-2263] Analyzing SystemVerilog file "/home/hongoroo/simple_cpu/simple_cpu/src/data_mem.v" into library work
INFO: [VRFC 10-311] analyzing module data_mem
INFO: [VRFC 10-2263] Analyzing SystemVerilog file "/home/hongoroo/simple_cpu/simple_cpu/src/imm_gen.v" into library work
INFO: [VRFC 10-311] analyzing module imm_gen
INFO: [VRFC 10-2263] Analyzing SystemVerilog file "/home/hongoroo/simple_cpu/simple_cpu/src/instr_mem.v" into library work
INFO: [VRFC 10-311] analyzing module instr_mem
INFO: [VRFC 10-2263] Analyzing SystemVerilog file "/home/hongoroo/simple_cpu/simple_cpu/src/mux2.v" into library work
INFO: [VRFC 10-311] analyzing module mux2
INFO: [VRFC 10-2263] Analyzing SystemVerilog file "/home/hongoroo/simple_cpu/simple_cpu/src/mux4.v" into library work
INFO: [VRFC 10-311] analyzing module mux4
INFO: [VRFC 10-2263] Analyzing SystemVerilog file "/home/hongoroo/simple_cpu/simple_cpu/src/pc.v" into library work
INFO: [VRFC 10-311] analyzing module pc
INFO: [VRFC 10-2263] Analyzing SystemVerilog file "/home/hongoroo/simple_cpu/simple_cpu/src/regfile.v" into library work
INFO: [VRFC 10-311] analyzing module reg_file
INFO: [VRFC 10-2263] Analyzing SystemVerilog file "/home/hongoroo/simple_cpu/simple_cpu/tb/adder_tb.v" into library work
INFO: [VRFC 10-311] analyzing module adder_tb
INFO: [VRFC 10-2263] Analyzing SystemVerilog file "/home/hongoroo/simple_cpu/simple_cpu/tb/all_tb.v" into library work
INFO: [VRFC 10-311] analyzing module all_tb
INFO: [VRFC 10-2263] Analyzing SystemVerilog file "/home/hongoroo/simple_cpu/simple_cpu/tb/alu_control_tb.v" into library work
INFO: [VRFC 10-311] analyzing module alu_control_tb
INFO: [VRFC 10-2263] Analyzing SystemVerilog file "/home/hongoroo/simple_cpu/simple_cpu/tb/alu_tb.v" into library work
INFO: [VRFC 10-311] analyzing module alu_tb
INFO: [VRFC 10-2263] Analyzing SystemVerilog file "/home/hongoroo/simple_cpu/simple_cpu/tb/branch_comp_tb.v" into library work
INFO: [VRFC 10-311] analyzing module branch_comp_tb
INFO: [VRFC 10-2263] Analyzing SystemVerilog file "/home/hongoroo/simple_cpu/simple_cpu/tb/control_tb.v" into library work
INFO: [VRFC 10-311] analyzing module control_tb
INFO: [VRFC 10-2263] Analyzing SystemVerilog file "/home/hongoroo/simple_cpu/simple_cpu/tb/data_mem_tb.v" into library work
INFO: [VRFC 10-311] analyzing module data_mem_tb
INFO: [VRFC 10-2263] Analyzing SystemVerilog file "/home/hongoroo/simple_cpu/simple_cpu/tb/imm_gen_tb.v" into library work
INFO: [VRFC 10-311] analyzing module imm_gen_tb
INFO: [VRFC 10-2263] Analyzing SystemVerilog file "/home/hongoroo/simple_cpu/simple_cpu/tb/instr_mem_tb.v" into library work
INFO: [VRFC 10-311] analyzing module instr_mem_tb
INFO: [VRFC 10-2263] Analyzing SystemVerilog file "/home/hongoroo/simple_cpu/simple_cpu/tb/mux2_tb.v" into library work
INFO: [VRFC 10-311] analyzing module mux2_tb
INFO: [VRFC 10-2263] Analyzing SystemVerilog file "/home/hongoroo/simple_cpu/simple_cpu/tb/mux4_tb.v" into library work
INFO: [VRFC 10-311] analyzing module mux4_tb
INFO: [VRFC 10-2263] Analyzing SystemVerilog file "/home/hongoroo/simple_cpu/simple_cpu/tb/pc_tb.v" into library work
INFO: [VRFC 10-311] analyzing module tb_pc
INFO: [VRFC 10-2263] Analyzing SystemVerilog file "/home/hongoroo/simple_cpu/simple_cpu/tb/regfile_tb.v" into library work
INFO: [VRFC 10-311] analyzing module regfile_tb
INFO: [VRFC 10-2263] Analyzing SystemVerilog file "/home/hongoroo/simple_cpu/simple_cpu/tb/cpu_tb.v" into library work
INFO: [VRFC 10-311] analyzing module cpu_tb
ERROR: [VRFC 10-1491] unexpected EOF [/home/hongoroo/simple_cpu/simple_cpu/tb/cpu_tb.v:5]
