#! /usr/bin/vvp
:ivl_version "12.0 (stable)";
:ivl_delay_selection "TYPICAL";
:vpi_time_precision - 12;
:vpi_module "/usr/lib/x86_64-linux-gnu/ivl/system.vpi";
:vpi_module "/usr/lib/x86_64-linux-gnu/ivl/vhdl_sys.vpi";
:vpi_module "/usr/lib/x86_64-linux-gnu/ivl/vhdl_textio.vpi";
:vpi_module "/usr/lib/x86_64-linux-gnu/ivl/v2005_math.vpi";
:vpi_module "/usr/lib/x86_64-linux-gnu/ivl/va_math.vpi";
S_0x63798cba04c0 .scope module, "data_mem" "data_mem" 2 3;
 .timescale -9 -12;
    .port_info 0 /INPUT 1 "clk";
    .port_info 1 /INPUT 1 "we";
    .port_info 2 /INPUT 12 "addr";
    .port_info 3 /INPUT 32 "write_data";
    .port_info 4 /OUTPUT 32 "read_data";
o0x787ac54de018 .functor BUFZ 12, C4<zzzzzzzzzzzz>; HiZ drive
v0x63798cba2400_0 .net "addr", 11 0, o0x787ac54de018;  0 drivers
o0x787ac54de048 .functor BUFZ 1, C4<z>; HiZ drive
v0x63798cbe8e00_0 .net "clk", 0 0, o0x787ac54de048;  0 drivers
v0x63798cbe8ec0 .array "mem", 0 2047, 31 0;
v0x63798cbe8f90_0 .var "read_data", 31 0;
o0x787ac54de0a8 .functor BUFZ 1, C4<z>; HiZ drive
v0x63798cbe9070_0 .net "we", 0 0, o0x787ac54de0a8;  0 drivers
o0x787ac54de0d8 .functor BUFZ 32, C4<zzzzzzzzzzzzzzzzzzzzzzzzzzzzzzzz>; HiZ drive
v0x63798cbe9180_0 .net "write_data", 31 0, o0x787ac54de0d8;  0 drivers
E_0x63798cba0b60 .event posedge, v0x63798cbe8e00_0;
    .scope S_0x63798cba04c0;
T_0 ;
    %wait E_0x63798cba0b60;
    %load/vec4 v0x63798cbe9070_0;
    %flag_set/vec4 8;
    %jmp/0xz  T_0.0, 8;
    %load/vec4 v0x63798cbe9180_0;
    %load/vec4 v0x63798cba2400_0;
    %pad/u 13;
    %ix/vec4 3;
    %ix/load 4, 0, 0; Constant delay
    %assign/vec4/a/d v0x63798cbe8ec0, 0, 4;
T_0.0 ;
    %load/vec4 v0x63798cba2400_0;
    %pad/u 13;
    %ix/vec4 4;
    %load/vec4a v0x63798cbe8ec0, 4;
    %assign/vec4 v0x63798cbe8f90_0, 0;
    %jmp T_0;
    .thread T_0;
# The file index is used to find the file name in the following table.
:file_names 3;
    "N/A";
    "<interactive>";
    "src/data_mem.v";
